cd atmos               && gmake clean
gmake[1]: Entering directory `/gpfs/dell2/emc/modeling/noscrub/Eric.Rogers/nam.v4.1.10_fornco/sorc/nam_nems_nmmb.fd/src/atmos'
cd share        && gmake clean
gmake[2]: Entering directory `/gpfs/dell2/emc/modeling/noscrub/Eric.Rogers/nam.v4.1.10_fornco/sorc/nam_nems_nmmb.fd/src/atmos/share'
rm -f libshare.a *.f90 *.o *.mod *.lst *.a lm map depend
gmake[2]: Leaving directory `/gpfs/dell2/emc/modeling/noscrub/Eric.Rogers/nam.v4.1.10_fornco/sorc/nam_nems_nmmb.fd/src/atmos/share'
cd phys         && gmake clean
gmake[2]: Entering directory `/gpfs/dell2/emc/modeling/noscrub/Eric.Rogers/nam.v4.1.10_fornco/sorc/nam_nems_nmmb.fd/src/atmos/phys'
rm -f libphys.a *.f90 *.o *.mod *.lst lm map depend
gmake[2]: Leaving directory `/gpfs/dell2/emc/modeling/noscrub/Eric.Rogers/nam.v4.1.10_fornco/sorc/nam_nems_nmmb.fd/src/atmos/phys'
cd nmm          && gmake clean
gmake[2]: Entering directory `/gpfs/dell2/emc/modeling/noscrub/Eric.Rogers/nam.v4.1.10_fornco/sorc/nam_nems_nmmb.fd/src/atmos/nmm'
rm -f libnmm.a *.f90 *.o *.mod *.lst lm map depend
gmake[2]: Leaving directory `/gpfs/dell2/emc/modeling/noscrub/Eric.Rogers/nam.v4.1.10_fornco/sorc/nam_nems_nmmb.fd/src/atmos/nmm'
cd io           && gmake clean
gmake[2]: Entering directory `/gpfs/dell2/emc/modeling/noscrub/Eric.Rogers/nam.v4.1.10_fornco/sorc/nam_nems_nmmb.fd/src/atmos/io'
ls -1 module_include_io.F90 module_io_mpi_def.F90 module_GFS_WRITE.F90 module_WRITE_INTERNAL_STATE_GFS.F90 module_GET_CONFIG_WRITE_GFS.F90 module_WRITE_ROUTINES_GFS.F90 module_WRITE_GRID_COMP_GFS.F90 > Srcfiles
echo "." > Filepath
../../../exe/mkDepends.pl -m Filepath Srcfiles > depend
rm -f Filepath Srcfiles
gmake[2]: Leaving directory `/gpfs/dell2/emc/modeling/noscrub/Eric.Rogers/nam.v4.1.10_fornco/sorc/nam_nems_nmmb.fd/src/atmos/io'
gmake[2]: Entering directory `/gpfs/dell2/emc/modeling/noscrub/Eric.Rogers/nam.v4.1.10_fornco/sorc/nam_nems_nmmb.fd/src/atmos/io'
rm -f libio.a *.f90 *.o *.mod *.lst lm map depend
gmake[2]: Leaving directory `/gpfs/dell2/emc/modeling/noscrub/Eric.Rogers/nam.v4.1.10_fornco/sorc/nam_nems_nmmb.fd/src/atmos/io'
cd gsm       && gmake clean
gmake[2]: Entering directory `/gpfs/dell2/emc/modeling/noscrub/Eric.Rogers/nam.v4.1.10_fornco/sorc/nam_nems_nmmb.fd/src/atmos/gsm'
cd libutil && gmake clean && cd ..
gmake[3]: Entering directory `/gpfs/dell2/emc/modeling/noscrub/Eric.Rogers/nam.v4.1.10_fornco/sorc/nam_nems_nmmb.fd/src/atmos/gsm/libutil'
/lib/cpp -P -traditional -DCHNK_RRTM=8 atmos_phy_chem_cpl_comp_mod_stub.F90 > atmos_phy_chem_cpl_comp_mod_stub.f90
/lib/cpp -P -traditional -DCHNK_RRTM=8 atmos_chem_phy_cpl_comp_mod_stub.F90 > atmos_chem_phy_cpl_comp_mod_stub.f90
/lib/cpp -P -traditional -DCHNK_RRTM=8 module_gfs_machine.F90 > module_gfs_machine.f90
/lib/cpp -P -traditional -DCHNK_RRTM=8 module_include_gfs.F90 > module_include_gfs.f90
/lib/cpp -P -traditional -DCHNK_RRTM=8 module_gfs_mpi_def.F90 > module_gfs_mpi_def.f90
/lib/cpp -P -traditional -DCHNK_RRTM=8 module_gfs_physcons.F90 > module_gfs_physcons.f90
/lib/cpp -P -traditional -DCHNK_RRTM=8 module_gfs_funcphys.F90 > module_gfs_funcphys.f90
/lib/cpp -P -traditional -DCHNK_RRTM=8 module_gfs_tropp.F90 > module_gfs_tropp.f90
/lib/cpp -P -traditional -DCHNK_RRTM=8 module_DM_PARALLEL_GFS.F90 > module_DM_PARALLEL_GFS.f90
/lib/cpp -P -traditional -DCHNK_RRTM=8 module_digital_filter_gfs.F90 > module_digital_filter_gfs.f90
/lib/cpp -P -traditional -DCHNK_RRTM=8 module_export_import_data.F90 > module_export_import_data.f90
/lib/cpp -P -traditional -DCHNK_RRTM=8 gfs_dyn_phy_cpl_comp_mod.F90 > gfs_dyn_phy_cpl_comp_mod.f90
ls -1 atmos_phy_chem_cpl_comp_mod_stub.f90 atmos_chem_phy_cpl_comp_mod_stub.f90 module_gfs_machine.f90 module_include_gfs.f90 module_gfs_mpi_def.f90 module_gfs_physcons.f90 module_gfs_funcphys.f90 module_gfs_tropp.f90 module_DM_PARALLEL_GFS.f90 module_digital_filter_gfs.f90 module_export_import_data.f90 gfs_dyn_phy_cpl_comp_mod.f90 > Srcfiles
echo "." > Filepath
../../../../exe/mkDepends.pl -m Filepath Srcfiles > depend
rm -f Filepath Srcfiles
gmake[3]: Leaving directory `/gpfs/dell2/emc/modeling/noscrub/Eric.Rogers/nam.v4.1.10_fornco/sorc/nam_nems_nmmb.fd/src/atmos/gsm/libutil'
gmake[3]: Entering directory `/gpfs/dell2/emc/modeling/noscrub/Eric.Rogers/nam.v4.1.10_fornco/sorc/nam_nems_nmmb.fd/src/atmos/gsm/libutil'
rm -f gfs_libutil.a *.f90 *.o *.mod *.lst lm map depend
gmake[3]: Leaving directory `/gpfs/dell2/emc/modeling/noscrub/Eric.Rogers/nam.v4.1.10_fornco/sorc/nam_nems_nmmb.fd/src/atmos/gsm/libutil'
cd dyn && gmake clean && cd ..
gmake[3]: Entering directory `/gpfs/dell2/emc/modeling/noscrub/Eric.Rogers/nam.v4.1.10_fornco/sorc/nam_nems_nmmb.fd/src/atmos/gsm/dyn'
ls -1 num_parthds.f gfs_dynamics_err_msg_mod.f gfs_dynamics_namelist_mod.f gfs_dynamics_start_time_get_mod.f gfs_dynamics_internal_state_mod.f gfs_dynamics_grid_create_mod.f gfs_dynamics_output.f gfs_dynamics_getcf_mod.f GFS_AddParameterToStateMod.f gfs_dynamics_initialize_mod.f gfs_dynamics_initialize_slg_mod.f gfs_dynamics_run_mod.f gfs_dynamics_finalize_mod.f gfs_dynamics_add_get_state_ESMFField_mod.f gfs_dynamics_states_mod.f gfs_dyn_physcons.f mpi_GV.f gfs_dynamics_grid_comp_mod.f bfilt_def.f gfs_dyn_machine.f gfs_dyn_resol_def.f gfs_dyn_gg_def.f gfs_dyn_vert_def.f gfs_dyn_io_header.f gfs_dyn_date_def.f slgshr.f pmgrid.f layout_grid_tracers.f layout_lag.f gfs_dyn_layout1.f namelist_dynamics_def.f gfs_dyn_coordinate_def.f gfs_dyn_lon_lat_para.f gfs_dyn_tracer_const.f gfs_dyn_tracer_config.f gfs_dyn_reduce_lons_grid_module.f gfs_dyn_matrix_sig_def.f gfs_dyn_mpi_def.f gfs_dyn_deldifs_def.f gfs_dyn_bfilt_def.f gfs_dyn_glats.f gfs_dyn_dfi_mod.f nemsio_def.f wrtout_dynamics.f wrtout_dynamics_slg_nemsio.f gfidi_hyb_gc_h_w_z.f get_w_z.f deldifs_def.f dyn_gocart_tracer_config_stub.f get_cd_hyb.f get_am_bm_hyb.f get_cd_hyb_gc.f get_cd_hyb_gcdp.f get_am_bm_hyb_gc.f get_am_bm_hyb_gcdp.f sltini_all.f set_halos_lag_sn.f setlats.f setlats_slg.f getysk.f getysk_gc.f redist_lats_a.f ifshuff.f shuffle_grid.f grid_collect.f excha.f info.f four2grid_thread.f hpmdummy.f coundummy.f damp_speed.f damp_speed_noq.f deldifs.f deldifs_noq.f idea_deldifs_init.f idea_deldifs.f idea_deldifs_noq.f idea_getcoef.f input_fields.f input_fields_slg.f input_fields_rst.f delnpe.f delnpo.f dezouv.f impadj_sig.locl.f impadj_hyb.locl.f impadj_hyb.locl_gc.f impadj_hyb.locl_gcdp.f impadj_slg.locl.f dozeuv.f epslon.f filtereo.f filter1eo.f filter2eo.f filtereo_noq.f filter1eo_noq.f filter2eo_noq.f setlats_lag.f get_ls_node.f get_lats_node_shuff_a_fix.f getcon_lag.f getcon_dynamics.f gfidi_tracers.f gfidi_speed.f gfidi_sig.f gfidi_hyb.f gfidi_hyb_gc.f gfidi_hyb_gc_h.f gfidi_hyb_gchdp.f gfidi_gchdp_noadv_noq.f ndslfv_pack.f ndslfv_para.f ndslfv_monoadvh2.f ndslfv_monoadvh.f ndslfv_monoadvv.f grid_to_spect.f grid_to_spect_slg.f grid_to_spect_rqt.f gridzz_to_spect.f spect_to_grid.f spect_to_grid_slg.f spect_to_grid_gz.f spect_to_grid_rqt.f spect_to_gridxy.f spectpz_to_gridxy.f compns_dynamics.f gozrineo.f pln2eo.f rms_spect.f lats_shuff.f uvoedz.f mpi_quit.f sicdif_sig.f sicdif_hyb.f sicdif_hyb_gc.f sicdif_hyb_gcdp.f common_to_model_vars.f getpwatptot.f sig2press.f hyb2press.f gch2press.f omega_sig.f omega_hyb.f omega_gch.f omega_gcdp.f slgscan_all_redgg.f do_dynamics_mod.f get_cd_hyb_slg.f gfs_dficoll_dynamics.f gfs_dficoll_dynamics_slg.f sicdif_hyb_slg.f deldifs_tracers.f gloopa_tracers.f do_dynamics_slg_loop.f do_dynamics_one_loop.f do_dynamics_two_loop.f model_to_common_vars.f gather_times.f four_to_grid.f four2fln_gg.f four2fln.f sortrx.f sumder2_slg_gg.f sumfln_slg_gg.f sumfln.f sumder2.f triseori.f triseof.f uveodz.f matinv.f ver_sig.f sig_io.f get_topo_grid_grad.f ysminv.f four2grid_thread.fftpack.f noblas.f grid_fix.f sigio_module.f sigio_r_module.f treadeo.io.f treadeo.io_slg.f treadeo_nemsio.f treadeo_nemsio_slg.f treadg_nemsio.f treads_nemsio.f twrites_rst.f twrites_hst.f twriteg_rst.f grid_to_spect_inp.f grid_to_spect_inp_slg.f setsig.f spect_to_grid_inp.f  > Srcfiles
echo "." > Filepath
../../../../exe/mkDepends.pl -m Filepath Srcfiles > depend
rm -f Filepath Srcfiles
gmake[3]: Leaving directory `/gpfs/dell2/emc/modeling/noscrub/Eric.Rogers/nam.v4.1.10_fornco/sorc/nam_nems_nmmb.fd/src/atmos/gsm/dyn'
gmake[3]: Entering directory `/gpfs/dell2/emc/modeling/noscrub/Eric.Rogers/nam.v4.1.10_fornco/sorc/nam_nems_nmmb.fd/src/atmos/gsm/dyn'
rm -f gfs_dynamics.a *.o *.mod *.lst *.f90 lm map depend
gmake[3]: Leaving directory `/gpfs/dell2/emc/modeling/noscrub/Eric.Rogers/nam.v4.1.10_fornco/sorc/nam_nems_nmmb.fd/src/atmos/gsm/dyn'
cd phys && gmake clean && cd ..
gmake[3]: Entering directory `/gpfs/dell2/emc/modeling/noscrub/Eric.Rogers/nam.v4.1.10_fornco/sorc/nam_nems_nmmb.fd/src/atmos/gsm/phys'
ls -1 glats_physics.f gcycle.f do_physics_one_step.f get_lats_node_shuff_r_fix.f setlats.f setlats_r_slg.f lats_shuff.f getcon_physics.f lon_lat_para.f compns_physics.f info.f coundummy.f sortrx.f mpi_quit.f dfi_fixwr.f hpmdummy.f gloopr.f gloopb.f gbphys_adv_hyb_gc.f gbphys_adv_hyb_gc_h.f fix_fields.f read_fix.f GFS_simple_scatter.f wrtout_physics.f fld_collect.f fld_collect_nst.f gribit_gsm.f wrt3d_hyb.f wrt3d.f aoicpl_prep.f para_fixio_w.f para_nst_w.f gfs_physics_err_msg_mod.f gfs_physics_sfc_flx_mod.f gfs_physics_nst_var_mod.f gfs_physics_sfc_flx_set_mod.f gfs_physics_gridgr_mod.f gfs_physics_g2d_mod.f gfs_physics_g3d_mod.f gfs_physics_aoi_var_mod.f gfs_physics_namelist_mod.f gfs_physics_start_time_get_mod.f gfs_physics_internal_state_mod.f gfs_physics_grid_create_mod.f gfs_physics_output.f gfs_physics_getcf_mod.f gfs_physics_initialize_mod.f gfs_physics_run_mod.f gfs_physics_finalize_mod.f gfs_physics_add_get_state_ESMFField_mod.f gfs_phy_states_mod.f gfs_physics_grid_comp_mod.f resol_def.f layout1.f vert_def.f gg_def.f namelist_physics_def.f coordinate_def.f reduce_lons_grid_module.f mpi_def.f d3d_def.f sfcio_module.f mod_state.f nstio_module.f > Srcfiles
echo "." > Filepath
../../../../exe/mkDepends.pl -m Filepath Srcfiles > depend
rm -f Filepath Srcfiles
gmake[3]: Leaving directory `/gpfs/dell2/emc/modeling/noscrub/Eric.Rogers/nam.v4.1.10_fornco/sorc/nam_nems_nmmb.fd/src/atmos/gsm/phys'
gmake[3]: Entering directory `/gpfs/dell2/emc/modeling/noscrub/Eric.Rogers/nam.v4.1.10_fornco/sorc/nam_nems_nmmb.fd/src/atmos/gsm/phys'
rm -f gfs_physics.a *.o *.mod *.lst *.f90 lm map depend
gmake[3]: Leaving directory `/gpfs/dell2/emc/modeling/noscrub/Eric.Rogers/nam.v4.1.10_fornco/sorc/nam_nems_nmmb.fd/src/atmos/gsm/phys'
rm -f libgfs.a *.f90 *.o *.mod *.lst lm map depend
gmake[2]: Leaving directory `/gpfs/dell2/emc/modeling/noscrub/Eric.Rogers/nam.v4.1.10_fornco/sorc/nam_nems_nmmb.fd/src/atmos/gsm'
cd fim          && gmake clean
gmake[2]: Entering directory `/gpfs/dell2/emc/modeling/noscrub/Eric.Rogers/nam.v4.1.10_fornco/sorc/nam_nems_nmmb.fd/src/atmos/fim'
rm -f libfimtop.a *.o *.mod *.f90 *.lst lm map depend
(cd FIMsrc && ./makefim clean)
gmake[3]: Entering directory `/gpfs/dell2/emc/modeling/noscrub/Eric.Rogers/nam.v4.1.10_fornco/sorc/nam_nems_nmmb.fd/src/atmos/fim/FIMsrc'
rm -f -rf ../FIMsrc_* macros.make
gmake[3]: Leaving directory `/gpfs/dell2/emc/modeling/noscrub/Eric.Rogers/nam.v4.1.10_fornco/sorc/nam_nems_nmmb.fd/src/atmos/fim/FIMsrc'
gmake[2]: Leaving directory `/gpfs/dell2/emc/modeling/noscrub/Eric.Rogers/nam.v4.1.10_fornco/sorc/nam_nems_nmmb.fd/src/atmos/fim'
cd gen          && gmake clean
gmake[2]: Entering directory `/gpfs/dell2/emc/modeling/noscrub/Eric.Rogers/nam.v4.1.10_fornco/sorc/nam_nems_nmmb.fd/src/atmos/gen'
rm -f libgen.a *.f90 *.o *.mod *.lst lm map depend
gmake[2]: Leaving directory `/gpfs/dell2/emc/modeling/noscrub/Eric.Rogers/nam.v4.1.10_fornco/sorc/nam_nems_nmmb.fd/src/atmos/gen'
cd post         && gmake clean
gmake[2]: Entering directory `/gpfs/dell2/emc/modeling/noscrub/Eric.Rogers/nam.v4.1.10_fornco/sorc/nam_nems_nmmb.fd/src/atmos/post'
rm -f libpost.a *.f90 *.o *.mod *.lst lm map depend
gmake[2]: Leaving directory `/gpfs/dell2/emc/modeling/noscrub/Eric.Rogers/nam.v4.1.10_fornco/sorc/nam_nems_nmmb.fd/src/atmos/post'
rm -f libatmos.a *.f90 *.o *.mod *.lst depend
gmake[1]: Leaving directory `/gpfs/dell2/emc/modeling/noscrub/Eric.Rogers/nam.v4.1.10_fornco/sorc/nam_nems_nmmb.fd/src/atmos'
cd ENS_Cpl             && gmake clean
gmake[1]: Entering directory `/gpfs/dell2/emc/modeling/noscrub/Eric.Rogers/nam.v4.1.10_fornco/sorc/nam_nems_nmmb.fd/src/ENS_Cpl'
rm -f ENS_Cpl.a *.f90 *.o *.mod *.lst lm map depend
gmake[1]: Leaving directory `/gpfs/dell2/emc/modeling/noscrub/Eric.Rogers/nam.v4.1.10_fornco/sorc/nam_nems_nmmb.fd/src/ENS_Cpl'
cd chem                && gmake clean GOCART_MODE=full
gmake[1]: Entering directory `/gpfs/dell2/emc/modeling/noscrub/Eric.Rogers/nam.v4.1.10_fornco/sorc/nam_nems_nmmb.fd/src/chem'
cd gocart/src   && gmake -f GNUmakefile realclean
gmake[2]: Entering directory `/gpfs/dell2/emc/modeling/noscrub/Eric.Rogers/nam.v4.1.10_fornco/sorc/nam_nems_nmmb.fd/src/chem/gocart/src'
gmake -C Config esma_install
gmake[3]: Entering directory `/gpfs/dell2/emc/modeling/noscrub/Eric.Rogers/nam.v4.1.10_fornco/sorc/nam_nems_nmmb.fd/src/chem/gocart/src/Config'
gmake[3]: Leaving directory `/gpfs/dell2/emc/modeling/noscrub/Eric.Rogers/nam.v4.1.10_fornco/sorc/nam_nems_nmmb.fd/src/chem/gocart/src/Config'
gmake[2]: Leaving directory `/gpfs/dell2/emc/modeling/noscrub/Eric.Rogers/nam.v4.1.10_fornco/sorc/nam_nems_nmmb.fd/src/chem/gocart/src'
gmake[1]: Leaving directory `/gpfs/dell2/emc/modeling/noscrub/Eric.Rogers/nam.v4.1.10_fornco/sorc/nam_nems_nmmb.fd/src/chem'
Use an ESMF 7 on dell but ESMF 6 API
cd atmos               && gmake clean
gmake[1]: Entering directory `/gpfs/dell2/emc/modeling/noscrub/Eric.Rogers/nam.v4.1.10_fornco/sorc/nam_nems_nmmb.fd/src/atmos'
ls -1 module_ATM_INTERNAL_STATE.F90 module_ATM_GRID_COMP.F90 > Srcfiles
echo "." > Filepath
../../exe/mkDepends.pl -m Filepath Srcfiles > depend
rm -f Filepath Srcfiles
gmake[1]: Leaving directory `/gpfs/dell2/emc/modeling/noscrub/Eric.Rogers/nam.v4.1.10_fornco/sorc/nam_nems_nmmb.fd/src/atmos'
gmake[1]: Entering directory `/gpfs/dell2/emc/modeling/noscrub/Eric.Rogers/nam.v4.1.10_fornco/sorc/nam_nems_nmmb.fd/src/atmos'
cd share        && gmake clean
gmake[2]: Entering directory `/gpfs/dell2/emc/modeling/noscrub/Eric.Rogers/nam.v4.1.10_fornco/sorc/nam_nems_nmmb.fd/src/atmos/share'
ls -1 module_ERR_MSG.F90 module_INCLUDE.F90 module_CONSTANTS.F90 module_CPLFIELDS.F90 check_esmf_pet.F90 ffsync.F90 idea_composition.f > Srcfiles
echo "." > Filepath
../../../exe/mkDepends.pl -m Filepath Srcfiles > depend
rm -f Filepath Srcfiles
gmake[2]: Leaving directory `/gpfs/dell2/emc/modeling/noscrub/Eric.Rogers/nam.v4.1.10_fornco/sorc/nam_nems_nmmb.fd/src/atmos/share'
gmake[2]: Entering directory `/gpfs/dell2/emc/modeling/noscrub/Eric.Rogers/nam.v4.1.10_fornco/sorc/nam_nems_nmmb.fd/src/atmos/share'
rm -f libshare.a *.f90 *.o *.mod *.lst *.a lm map depend
gmake[2]: Leaving directory `/gpfs/dell2/emc/modeling/noscrub/Eric.Rogers/nam.v4.1.10_fornco/sorc/nam_nems_nmmb.fd/src/atmos/share'
cd phys         && gmake clean
gmake[2]: Entering directory `/gpfs/dell2/emc/modeling/noscrub/Eric.Rogers/nam.v4.1.10_fornco/sorc/nam_nems_nmmb.fd/src/atmos/phys'
ls -1 module_BL_GFSPBL.F90 module_BL_GFSPBLHUR.F90 module_BL_MYJPBL.F90 module_CU_BMJ.F90 module_CU_SAS.F90 module_CU_SASHUR.F90 module_LS_LISS.F90 module_LS_NOAHLSM.F90 module_MP_ETANEW.F90 module_MP_FER_HIRES.F90 module_mp_thompson.F90 module_mp_radar.F90 module_MP_GFS.F90 module_MP_WSM6.F90 module_RA_GFDL.F90 module_RA_RRTM.F90 module_SF_JSFC.F90 module_SF_GFDL.F90 module_SF_URBAN.F90 machine.f wam_f107_kp_mod.f physparam.f physcons.f funcphys.f cs_conv.f module_nst_parameters.f module_nst_water_prop.f module_nst_model.f gcm_shoc.f calpreciptype.f gocart_tracer_config_stub.f grrad_nmmb.f radiation_astronomy_nmmb.f radiation_aerosols_nmmb.f radiation_gases_nmmb.f radiation_clouds_nmmb.f radiation_surface_nmmb.f rad_initialize_nmmb.f radlw_param_nmmb.f radlw_datatb_nmmb.f radlw_main_nmmb.f radsw_param_nmmb.f radsw_datatb_nmmb.f radsw_main_nmmb.f radiation_astronomy_gfs.f radiation_aerosols_gfs.f radiation_gases_gfs.f radiation_clouds_gfs.f radiation_surface_gfs.f precpd_nmmb.f iounitdef.f ozne_def.f progtm_module.f date_def.f rascnvv2.f namelist_soilveg.f module_bfmicrophysics.f mersenne_twister.f tracer_const_h.f gfs_phy_tracer_config.f rad_initialize.f radlw_param.f radlw_datatb.f radlw_main.f radsw_param.f radsw_datatb.f radsw_main.f radiation_astronomy.f radiation_aerosols.f radiation_gases.f radiation_clouds.f radiation_surface.f grrad.f ozphys.f ozinterp.f sfcsub.f gbphys.f dcyc2.f dcyc2.pre.rad.f set_soilveg.f sfc_drv.f sfc_land.f progt2.f sfc_sice.f sfc_cice.f sfc_ocean.f sfc_nst.f sfc_diff.f sfc_diag.f sflx.f moninshoc.f moninp.f moninp1.f moninq.f moninedmf.f mfpbl.f gwdps.f gwdc.f rayleigh_damp.f rayleigh_damp_mesopause.f sascnv.f sascnvn.f mfdeepcnv.f cnvc90.f tridi2t3.f shalcv.f shalcv_opr.f shalcnv.f mfshalcnv.f lrgsclr.f gscond.f gscondp.f precpd.f precpdp.f precpd_shoc.f mstadb.f mstadbtn.f mstcnv.f get_prs.f gsmddrive.f co2hc.f idea_solar_heating.f idea_tracer.f h2oc.f h2ohdc.f efield.f ideaca.f idea_co2.f idea_h2o.f idea_ion.f idea_o2_o3.f idea_dissipation.f idea_phys.f num_parthds.F > Srcfiles
echo "." > Filepath
../../../exe/mkDepends.pl -m Filepath Srcfiles > depend
rm -f Filepath Srcfiles
gmake[2]: Leaving directory `/gpfs/dell2/emc/modeling/noscrub/Eric.Rogers/nam.v4.1.10_fornco/sorc/nam_nems_nmmb.fd/src/atmos/phys'
gmake[2]: Entering directory `/gpfs/dell2/emc/modeling/noscrub/Eric.Rogers/nam.v4.1.10_fornco/sorc/nam_nems_nmmb.fd/src/atmos/phys'
rm -f libphys.a *.f90 *.o *.mod *.lst lm map depend
gmake[2]: Leaving directory `/gpfs/dell2/emc/modeling/noscrub/Eric.Rogers/nam.v4.1.10_fornco/sorc/nam_nems_nmmb.fd/src/atmos/phys'
cd nmm          && gmake clean
gmake[2]: Entering directory `/gpfs/dell2/emc/modeling/noscrub/Eric.Rogers/nam.v4.1.10_fornco/sorc/nam_nems_nmmb.fd/src/atmos/nmm'
ls -1 module_BGRID_INTERP.F90 module_CLOCKTIMES.F90 module_CONTROL.F90 module_CONVECTION.F90 module_DERIVED_TYPES.F90 module_DIAGNOSE.F90 module_DIGITAL_FILTER_NMM.F90 module_DM_PARALLEL.F90 module_DOMAIN_GRID_COMP.F90 module_DOMAIN_INTERNAL_STATE.F90 module_DYNAMICS_ROUTINES.F90 module_EXCHANGE.F90 module_FLTBNDS.F90 module_GET_CONFIG.F90 module_GET_CONFIG_WRITE.F90 module_GWD.F90 module_H_TO_V.F90 module_INIT_READ_BIN.F90 module_INIT_READ_NEMSIO.F90 module_MICROPHYSICS.F90 module_MY_DOMAIN_SPECS.F90 module_NESTING.F90 module_NMM_GRID_COMP.F90 module_NMM_INTEGRATE.F90 module_NMM_INTERNAL_STATE.F90 module_OUTPUT.F90 module_PARENT_CHILD_CPL_COMP.F90 module_PRECIP_ADJUST.F90 module_RADIATION.F90 module_RELAX4E.F90 module_REDUCTION.F90 module_QUASIPOST.F90 module_TRACKER.F90 module_SOLVER_GRID_COMP.F90 module_SOLVER_INTERNAL_STATE.F90 module_TIMESERIES.F90 module_TURBULENCE.F90 module_VARS.F90 module_VARS_STATE.F90 module_WRITE_GRID_COMP.F90 module_WRITE_INTERNAL_STATE.F90 module_WRITE_ROUTINES.F90 n_namelist_physics_def.f n_layout1.f n_resol_def.f n_compns_physics.f n_mpi_def.f n_module_gfs_mpi_def.f n_mpi_quit.f > Srcfiles
echo "." > Filepath
../../../exe/mkDepends.pl -m Filepath Srcfiles > depend
rm -f Filepath Srcfiles
gmake[2]: Leaving directory `/gpfs/dell2/emc/modeling/noscrub/Eric.Rogers/nam.v4.1.10_fornco/sorc/nam_nems_nmmb.fd/src/atmos/nmm'
gmake[2]: Entering directory `/gpfs/dell2/emc/modeling/noscrub/Eric.Rogers/nam.v4.1.10_fornco/sorc/nam_nems_nmmb.fd/src/atmos/nmm'
rm -f libnmm.a *.f90 *.o *.mod *.lst lm map depend
gmake[2]: Leaving directory `/gpfs/dell2/emc/modeling/noscrub/Eric.Rogers/nam.v4.1.10_fornco/sorc/nam_nems_nmmb.fd/src/atmos/nmm'
cd io           && gmake clean
gmake[2]: Entering directory `/gpfs/dell2/emc/modeling/noscrub/Eric.Rogers/nam.v4.1.10_fornco/sorc/nam_nems_nmmb.fd/src/atmos/io'
ls -1 module_include_io.F90 module_io_mpi_def.F90 module_GFS_WRITE.F90 module_WRITE_INTERNAL_STATE_GFS.F90 module_GET_CONFIG_WRITE_GFS.F90 module_WRITE_ROUTINES_GFS.F90 module_WRITE_GRID_COMP_GFS.F90 > Srcfiles
echo "." > Filepath
../../../exe/mkDepends.pl -m Filepath Srcfiles > depend
rm -f Filepath Srcfiles
gmake[2]: Leaving directory `/gpfs/dell2/emc/modeling/noscrub/Eric.Rogers/nam.v4.1.10_fornco/sorc/nam_nems_nmmb.fd/src/atmos/io'
gmake[2]: Entering directory `/gpfs/dell2/emc/modeling/noscrub/Eric.Rogers/nam.v4.1.10_fornco/sorc/nam_nems_nmmb.fd/src/atmos/io'
rm -f libio.a *.f90 *.o *.mod *.lst lm map depend
gmake[2]: Leaving directory `/gpfs/dell2/emc/modeling/noscrub/Eric.Rogers/nam.v4.1.10_fornco/sorc/nam_nems_nmmb.fd/src/atmos/io'
cd gsm       && gmake clean
gmake[2]: Entering directory `/gpfs/dell2/emc/modeling/noscrub/Eric.Rogers/nam.v4.1.10_fornco/sorc/nam_nems_nmmb.fd/src/atmos/gsm'
ls -1 module_GFS_CORE_SETUP.F90 module_GFS_INTERNAL_STATE.F90 module_GFS_INTEGRATE.F90 module_GFS_GRID_COMP.F90  > Srcfiles
echo "." > Filepath
../../../exe/mkDepends.pl -m Filepath Srcfiles > depend
rm -f Filepath Srcfiles
gmake[2]: Leaving directory `/gpfs/dell2/emc/modeling/noscrub/Eric.Rogers/nam.v4.1.10_fornco/sorc/nam_nems_nmmb.fd/src/atmos/gsm'
gmake[2]: Entering directory `/gpfs/dell2/emc/modeling/noscrub/Eric.Rogers/nam.v4.1.10_fornco/sorc/nam_nems_nmmb.fd/src/atmos/gsm'
cd libutil && gmake clean && cd ..
gmake[3]: Entering directory `/gpfs/dell2/emc/modeling/noscrub/Eric.Rogers/nam.v4.1.10_fornco/sorc/nam_nems_nmmb.fd/src/atmos/gsm/libutil'
/lib/cpp -P -traditional -DCHNK_RRTM=8 atmos_phy_chem_cpl_comp_mod_stub.F90 > atmos_phy_chem_cpl_comp_mod_stub.f90
/lib/cpp -P -traditional -DCHNK_RRTM=8 atmos_chem_phy_cpl_comp_mod_stub.F90 > atmos_chem_phy_cpl_comp_mod_stub.f90
/lib/cpp -P -traditional -DCHNK_RRTM=8 module_gfs_machine.F90 > module_gfs_machine.f90
/lib/cpp -P -traditional -DCHNK_RRTM=8 module_include_gfs.F90 > module_include_gfs.f90
/lib/cpp -P -traditional -DCHNK_RRTM=8 module_gfs_mpi_def.F90 > module_gfs_mpi_def.f90
/lib/cpp -P -traditional -DCHNK_RRTM=8 module_gfs_physcons.F90 > module_gfs_physcons.f90
/lib/cpp -P -traditional -DCHNK_RRTM=8 module_gfs_funcphys.F90 > module_gfs_funcphys.f90
/lib/cpp -P -traditional -DCHNK_RRTM=8 module_gfs_tropp.F90 > module_gfs_tropp.f90
/lib/cpp -P -traditional -DCHNK_RRTM=8 module_DM_PARALLEL_GFS.F90 > module_DM_PARALLEL_GFS.f90
/lib/cpp -P -traditional -DCHNK_RRTM=8 module_digital_filter_gfs.F90 > module_digital_filter_gfs.f90
/lib/cpp -P -traditional -DCHNK_RRTM=8 module_export_import_data.F90 > module_export_import_data.f90
/lib/cpp -P -traditional -DCHNK_RRTM=8 gfs_dyn_phy_cpl_comp_mod.F90 > gfs_dyn_phy_cpl_comp_mod.f90
ls -1 atmos_phy_chem_cpl_comp_mod_stub.f90 atmos_chem_phy_cpl_comp_mod_stub.f90 module_gfs_machine.f90 module_include_gfs.f90 module_gfs_mpi_def.f90 module_gfs_physcons.f90 module_gfs_funcphys.f90 module_gfs_tropp.f90 module_DM_PARALLEL_GFS.f90 module_digital_filter_gfs.f90 module_export_import_data.f90 gfs_dyn_phy_cpl_comp_mod.f90 > Srcfiles
echo "." > Filepath
../../../../exe/mkDepends.pl -m Filepath Srcfiles > depend
rm -f Filepath Srcfiles
gmake[3]: Leaving directory `/gpfs/dell2/emc/modeling/noscrub/Eric.Rogers/nam.v4.1.10_fornco/sorc/nam_nems_nmmb.fd/src/atmos/gsm/libutil'
gmake[3]: Entering directory `/gpfs/dell2/emc/modeling/noscrub/Eric.Rogers/nam.v4.1.10_fornco/sorc/nam_nems_nmmb.fd/src/atmos/gsm/libutil'
rm -f gfs_libutil.a *.f90 *.o *.mod *.lst lm map depend
gmake[3]: Leaving directory `/gpfs/dell2/emc/modeling/noscrub/Eric.Rogers/nam.v4.1.10_fornco/sorc/nam_nems_nmmb.fd/src/atmos/gsm/libutil'
cd dyn && gmake clean && cd ..
gmake[3]: Entering directory `/gpfs/dell2/emc/modeling/noscrub/Eric.Rogers/nam.v4.1.10_fornco/sorc/nam_nems_nmmb.fd/src/atmos/gsm/dyn'
ls -1 num_parthds.f gfs_dynamics_err_msg_mod.f gfs_dynamics_namelist_mod.f gfs_dynamics_start_time_get_mod.f gfs_dynamics_internal_state_mod.f gfs_dynamics_grid_create_mod.f gfs_dynamics_output.f gfs_dynamics_getcf_mod.f GFS_AddParameterToStateMod.f gfs_dynamics_initialize_mod.f gfs_dynamics_initialize_slg_mod.f gfs_dynamics_run_mod.f gfs_dynamics_finalize_mod.f gfs_dynamics_add_get_state_ESMFField_mod.f gfs_dynamics_states_mod.f gfs_dyn_physcons.f mpi_GV.f gfs_dynamics_grid_comp_mod.f bfilt_def.f gfs_dyn_machine.f gfs_dyn_resol_def.f gfs_dyn_gg_def.f gfs_dyn_vert_def.f gfs_dyn_io_header.f gfs_dyn_date_def.f slgshr.f pmgrid.f layout_grid_tracers.f layout_lag.f gfs_dyn_layout1.f namelist_dynamics_def.f gfs_dyn_coordinate_def.f gfs_dyn_lon_lat_para.f gfs_dyn_tracer_const.f gfs_dyn_tracer_config.f gfs_dyn_reduce_lons_grid_module.f gfs_dyn_matrix_sig_def.f gfs_dyn_mpi_def.f gfs_dyn_deldifs_def.f gfs_dyn_bfilt_def.f gfs_dyn_glats.f gfs_dyn_dfi_mod.f nemsio_def.f wrtout_dynamics.f wrtout_dynamics_slg_nemsio.f gfidi_hyb_gc_h_w_z.f get_w_z.f deldifs_def.f dyn_gocart_tracer_config_stub.f get_cd_hyb.f get_am_bm_hyb.f get_cd_hyb_gc.f get_cd_hyb_gcdp.f get_am_bm_hyb_gc.f get_am_bm_hyb_gcdp.f sltini_all.f set_halos_lag_sn.f setlats.f setlats_slg.f getysk.f getysk_gc.f redist_lats_a.f ifshuff.f shuffle_grid.f grid_collect.f excha.f info.f four2grid_thread.f hpmdummy.f coundummy.f damp_speed.f damp_speed_noq.f deldifs.f deldifs_noq.f idea_deldifs_init.f idea_deldifs.f idea_deldifs_noq.f idea_getcoef.f input_fields.f input_fields_slg.f input_fields_rst.f delnpe.f delnpo.f dezouv.f impadj_sig.locl.f impadj_hyb.locl.f impadj_hyb.locl_gc.f impadj_hyb.locl_gcdp.f impadj_slg.locl.f dozeuv.f epslon.f filtereo.f filter1eo.f filter2eo.f filtereo_noq.f filter1eo_noq.f filter2eo_noq.f setlats_lag.f get_ls_node.f get_lats_node_shuff_a_fix.f getcon_lag.f getcon_dynamics.f gfidi_tracers.f gfidi_speed.f gfidi_sig.f gfidi_hyb.f gfidi_hyb_gc.f gfidi_hyb_gc_h.f gfidi_hyb_gchdp.f gfidi_gchdp_noadv_noq.f ndslfv_pack.f ndslfv_para.f ndslfv_monoadvh2.f ndslfv_monoadvh.f ndslfv_monoadvv.f grid_to_spect.f grid_to_spect_slg.f grid_to_spect_rqt.f gridzz_to_spect.f spect_to_grid.f spect_to_grid_slg.f spect_to_grid_gz.f spect_to_grid_rqt.f spect_to_gridxy.f spectpz_to_gridxy.f compns_dynamics.f gozrineo.f pln2eo.f rms_spect.f lats_shuff.f uvoedz.f mpi_quit.f sicdif_sig.f sicdif_hyb.f sicdif_hyb_gc.f sicdif_hyb_gcdp.f common_to_model_vars.f getpwatptot.f sig2press.f hyb2press.f gch2press.f omega_sig.f omega_hyb.f omega_gch.f omega_gcdp.f slgscan_all_redgg.f do_dynamics_mod.f get_cd_hyb_slg.f gfs_dficoll_dynamics.f gfs_dficoll_dynamics_slg.f sicdif_hyb_slg.f deldifs_tracers.f gloopa_tracers.f do_dynamics_slg_loop.f do_dynamics_one_loop.f do_dynamics_two_loop.f model_to_common_vars.f gather_times.f four_to_grid.f four2fln_gg.f four2fln.f sortrx.f sumder2_slg_gg.f sumfln_slg_gg.f sumfln.f sumder2.f triseori.f triseof.f uveodz.f matinv.f ver_sig.f sig_io.f get_topo_grid_grad.f ysminv.f four2grid_thread.fftpack.f noblas.f grid_fix.f sigio_module.f sigio_r_module.f treadeo.io.f treadeo.io_slg.f treadeo_nemsio.f treadeo_nemsio_slg.f treadg_nemsio.f treads_nemsio.f twrites_rst.f twrites_hst.f twriteg_rst.f grid_to_spect_inp.f grid_to_spect_inp_slg.f setsig.f spect_to_grid_inp.f  > Srcfiles
echo "." > Filepath
../../../../exe/mkDepends.pl -m Filepath Srcfiles > depend
rm -f Filepath Srcfiles
gmake[3]: Leaving directory `/gpfs/dell2/emc/modeling/noscrub/Eric.Rogers/nam.v4.1.10_fornco/sorc/nam_nems_nmmb.fd/src/atmos/gsm/dyn'
gmake[3]: Entering directory `/gpfs/dell2/emc/modeling/noscrub/Eric.Rogers/nam.v4.1.10_fornco/sorc/nam_nems_nmmb.fd/src/atmos/gsm/dyn'
rm -f gfs_dynamics.a *.o *.mod *.lst *.f90 lm map depend
gmake[3]: Leaving directory `/gpfs/dell2/emc/modeling/noscrub/Eric.Rogers/nam.v4.1.10_fornco/sorc/nam_nems_nmmb.fd/src/atmos/gsm/dyn'
cd phys && gmake clean && cd ..
gmake[3]: Entering directory `/gpfs/dell2/emc/modeling/noscrub/Eric.Rogers/nam.v4.1.10_fornco/sorc/nam_nems_nmmb.fd/src/atmos/gsm/phys'
ls -1 glats_physics.f gcycle.f do_physics_one_step.f get_lats_node_shuff_r_fix.f setlats.f setlats_r_slg.f lats_shuff.f getcon_physics.f lon_lat_para.f compns_physics.f info.f coundummy.f sortrx.f mpi_quit.f dfi_fixwr.f hpmdummy.f gloopr.f gloopb.f gbphys_adv_hyb_gc.f gbphys_adv_hyb_gc_h.f fix_fields.f read_fix.f GFS_simple_scatter.f wrtout_physics.f fld_collect.f fld_collect_nst.f gribit_gsm.f wrt3d_hyb.f wrt3d.f aoicpl_prep.f para_fixio_w.f para_nst_w.f gfs_physics_err_msg_mod.f gfs_physics_sfc_flx_mod.f gfs_physics_nst_var_mod.f gfs_physics_sfc_flx_set_mod.f gfs_physics_gridgr_mod.f gfs_physics_g2d_mod.f gfs_physics_g3d_mod.f gfs_physics_aoi_var_mod.f gfs_physics_namelist_mod.f gfs_physics_start_time_get_mod.f gfs_physics_internal_state_mod.f gfs_physics_grid_create_mod.f gfs_physics_output.f gfs_physics_getcf_mod.f gfs_physics_initialize_mod.f gfs_physics_run_mod.f gfs_physics_finalize_mod.f gfs_physics_add_get_state_ESMFField_mod.f gfs_phy_states_mod.f gfs_physics_grid_comp_mod.f resol_def.f layout1.f vert_def.f gg_def.f namelist_physics_def.f coordinate_def.f reduce_lons_grid_module.f mpi_def.f d3d_def.f sfcio_module.f mod_state.f nstio_module.f > Srcfiles
echo "." > Filepath
../../../../exe/mkDepends.pl -m Filepath Srcfiles > depend
rm -f Filepath Srcfiles
gmake[3]: Leaving directory `/gpfs/dell2/emc/modeling/noscrub/Eric.Rogers/nam.v4.1.10_fornco/sorc/nam_nems_nmmb.fd/src/atmos/gsm/phys'
gmake[3]: Entering directory `/gpfs/dell2/emc/modeling/noscrub/Eric.Rogers/nam.v4.1.10_fornco/sorc/nam_nems_nmmb.fd/src/atmos/gsm/phys'
rm -f gfs_physics.a *.o *.mod *.lst *.f90 lm map depend
gmake[3]: Leaving directory `/gpfs/dell2/emc/modeling/noscrub/Eric.Rogers/nam.v4.1.10_fornco/sorc/nam_nems_nmmb.fd/src/atmos/gsm/phys'
rm -f libgfs.a *.f90 *.o *.mod *.lst lm map depend
gmake[2]: Leaving directory `/gpfs/dell2/emc/modeling/noscrub/Eric.Rogers/nam.v4.1.10_fornco/sorc/nam_nems_nmmb.fd/src/atmos/gsm'
cd fim          && gmake clean
gmake[2]: Entering directory `/gpfs/dell2/emc/modeling/noscrub/Eric.Rogers/nam.v4.1.10_fornco/sorc/nam_nems_nmmb.fd/src/atmos/fim'
ls -1 fim_internal_state.F90 fim_grid_comp.F90 module_FIM_INTEGRATE.F90 module_DYNAMICS_GRID_COMP.F90 module_DYN_PHY_CPL_COMP.F90 module_PHYSICS_GRID_COMP.F90 > Srcfiles
echo "." > Filepath
../../../exe/mkDepends.pl -m Filepath Srcfiles > depend
rm -f Filepath Srcfiles
gmake[2]: Leaving directory `/gpfs/dell2/emc/modeling/noscrub/Eric.Rogers/nam.v4.1.10_fornco/sorc/nam_nems_nmmb.fd/src/atmos/fim'
gmake[2]: Entering directory `/gpfs/dell2/emc/modeling/noscrub/Eric.Rogers/nam.v4.1.10_fornco/sorc/nam_nems_nmmb.fd/src/atmos/fim'
rm -f libfimtop.a *.o *.mod *.f90 *.lst lm map depend
(cd FIMsrc && ./makefim clean)
gmake[3]: Entering directory `/gpfs/dell2/emc/modeling/noscrub/Eric.Rogers/nam.v4.1.10_fornco/sorc/nam_nems_nmmb.fd/src/atmos/fim/FIMsrc'
rm -f -rf ../FIMsrc_* macros.make
gmake[3]: Leaving directory `/gpfs/dell2/emc/modeling/noscrub/Eric.Rogers/nam.v4.1.10_fornco/sorc/nam_nems_nmmb.fd/src/atmos/fim/FIMsrc'
gmake[2]: Leaving directory `/gpfs/dell2/emc/modeling/noscrub/Eric.Rogers/nam.v4.1.10_fornco/sorc/nam_nems_nmmb.fd/src/atmos/fim'
cd gen          && gmake clean
gmake[2]: Entering directory `/gpfs/dell2/emc/modeling/noscrub/Eric.Rogers/nam.v4.1.10_fornco/sorc/nam_nems_nmmb.fd/src/atmos/gen'
rm -f libgen.a *.f90 *.o *.mod *.lst lm map depend
gmake[2]: Leaving directory `/gpfs/dell2/emc/modeling/noscrub/Eric.Rogers/nam.v4.1.10_fornco/sorc/nam_nems_nmmb.fd/src/atmos/gen'
cd post         && gmake clean
gmake[2]: Entering directory `/gpfs/dell2/emc/modeling/noscrub/Eric.Rogers/nam.v4.1.10_fornco/sorc/nam_nems_nmmb.fd/src/atmos/post'
ls -1 post_gfs.F90 post_nmm.F90 post_nems_routines.F90 > Srcfiles
echo "." > Filepath
../../../exe/mkDepends.pl -m Filepath Srcfiles > depend
rm -f Filepath Srcfiles
gmake[2]: Leaving directory `/gpfs/dell2/emc/modeling/noscrub/Eric.Rogers/nam.v4.1.10_fornco/sorc/nam_nems_nmmb.fd/src/atmos/post'
gmake[2]: Entering directory `/gpfs/dell2/emc/modeling/noscrub/Eric.Rogers/nam.v4.1.10_fornco/sorc/nam_nems_nmmb.fd/src/atmos/post'
rm -f libpost.a *.f90 *.o *.mod *.lst lm map depend
gmake[2]: Leaving directory `/gpfs/dell2/emc/modeling/noscrub/Eric.Rogers/nam.v4.1.10_fornco/sorc/nam_nems_nmmb.fd/src/atmos/post'
rm -f libatmos.a *.f90 *.o *.mod *.lst depend
gmake[1]: Leaving directory `/gpfs/dell2/emc/modeling/noscrub/Eric.Rogers/nam.v4.1.10_fornco/sorc/nam_nems_nmmb.fd/src/atmos'
cd ENS_Cpl             && gmake clean
gmake[1]: Entering directory `/gpfs/dell2/emc/modeling/noscrub/Eric.Rogers/nam.v4.1.10_fornco/sorc/nam_nems_nmmb.fd/src/ENS_Cpl'
/lib/cpp -P -traditional -DCHNK_RRTM=8 Lib_ESMFStateAddGetMod.f > Lib_ESMFStateAddGetMod.f90
/lib/cpp -P -traditional -DCHNK_RRTM=8 machine.f > machine.f90
/lib/cpp -P -traditional -DCHNK_RRTM=8 ENS_Cpl_InternalState_ESMFMod.f > ENS_Cpl_InternalState_ESMFMod.f90
/lib/cpp -P -traditional -DCHNK_RRTM=8 ENS_bcst_global.f > ENS_bcst_global.f90
/lib/cpp -P -traditional -DCHNK_RRTM=8 ENS_Sto_Per_Scheme_Step2.f > ENS_Sto_Per_Scheme_Step2.f90
/lib/cpp -P -traditional -DCHNK_RRTM=8 DistributeForStep1.f > DistributeForStep1.f90
/lib/cpp -P -traditional -DCHNK_RRTM=8 ENS_CplState_ESMFMod.f > ENS_CplState_ESMFMod.f90
/lib/cpp -P -traditional -DCHNK_RRTM=8 ENS_Cpl_Run_ESMFMod.f > ENS_Cpl_Run_ESMFMod.f90
/lib/cpp -P -traditional -DCHNK_RRTM=8 ENS_Cpl_ESMFMod.f > ENS_Cpl_ESMFMod.f90
/lib/cpp -P -traditional -DCHNK_RRTM=8 ENS_GetParameterFromStateMod.f > ENS_GetParameterFromStateMod.f90
/lib/cpp -P -traditional -DCHNK_RRTM=8 ENS_CplComp_ESMFMod.f > ENS_CplComp_ESMFMod.f90
/lib/cpp -P -traditional -DCHNK_RRTM=8 ENS_Sto_Per_Scheme_Step1.f > ENS_Sto_Per_Scheme_Step1.f90
/lib/cpp -P -traditional -DCHNK_RRTM=8 kinds.f > kinds.f90
/lib/cpp -P -traditional -DCHNK_RRTM=8 peuc.f > peuc.f90
/lib/cpp -P -traditional -DCHNK_RRTM=8 pran.f > pran.f90
/lib/cpp -P -traditional -DCHNK_RRTM=8 prana.f > prana.f90
/lib/cpp -P -traditional -DCHNK_RRTM=8 Cal_Sto_Coef.f > Cal_Sto_Coef.f90
ls -1 Lib_ESMFStateAddGetMod.f90 machine.f90 ENS_Cpl_InternalState_ESMFMod.f90 ENS_bcst_global.f90 ENS_Sto_Per_Scheme_Step2.f90 DistributeForStep1.f90 ENS_CplState_ESMFMod.f90 ENS_Cpl_Run_ESMFMod.f90 ENS_Cpl_ESMFMod.f90 ENS_GetParameterFromStateMod.f90 ENS_CplComp_ESMFMod.f90 ENS_Sto_Per_Scheme_Step1.f90 kinds.f90 peuc.f90 pran.f90 prana.f90 Cal_Sto_Coef.f90 > Srcfiles
echo "." > Filepath
../../exe/mkDepends.pl -m Filepath Srcfiles > depend
rm -f Filepath Srcfiles
gmake[1]: Leaving directory `/gpfs/dell2/emc/modeling/noscrub/Eric.Rogers/nam.v4.1.10_fornco/sorc/nam_nems_nmmb.fd/src/ENS_Cpl'
gmake[1]: Entering directory `/gpfs/dell2/emc/modeling/noscrub/Eric.Rogers/nam.v4.1.10_fornco/sorc/nam_nems_nmmb.fd/src/ENS_Cpl'
rm -f ENS_Cpl.a *.f90 *.o *.mod *.lst lm map depend
gmake[1]: Leaving directory `/gpfs/dell2/emc/modeling/noscrub/Eric.Rogers/nam.v4.1.10_fornco/sorc/nam_nems_nmmb.fd/src/ENS_Cpl'
cd chem                && gmake clean GOCART_MODE=full
gmake[1]: Entering directory `/gpfs/dell2/emc/modeling/noscrub/Eric.Rogers/nam.v4.1.10_fornco/sorc/nam_nems_nmmb.fd/src/chem'
cd gocart/src   && gmake -f GNUmakefile realclean
gmake[2]: Entering directory `/gpfs/dell2/emc/modeling/noscrub/Eric.Rogers/nam.v4.1.10_fornco/sorc/nam_nems_nmmb.fd/src/chem/gocart/src'
gmake -C Config esma_install
gmake[3]: Entering directory `/gpfs/dell2/emc/modeling/noscrub/Eric.Rogers/nam.v4.1.10_fornco/sorc/nam_nems_nmmb.fd/src/chem/gocart/src/Config'
gmake[3]: Leaving directory `/gpfs/dell2/emc/modeling/noscrub/Eric.Rogers/nam.v4.1.10_fornco/sorc/nam_nems_nmmb.fd/src/chem/gocart/src/Config'
gmake[2]: Leaving directory `/gpfs/dell2/emc/modeling/noscrub/Eric.Rogers/nam.v4.1.10_fornco/sorc/nam_nems_nmmb.fd/src/chem/gocart/src'
gmake[1]: Leaving directory `/gpfs/dell2/emc/modeling/noscrub/Eric.Rogers/nam.v4.1.10_fornco/sorc/nam_nems_nmmb.fd/src/chem'
file:117: warning: ignoring old recipe for target `aoicpl_prep.o'
makefile:184: warning: overriding recipe for target `nstio_module.o'
makefile:109: warning: ignoring old recipe for target `nstio_module.o'
makefile:188: warning: overriding recipe for target `gfs_physics_err_msg_mod.o'
makefile:113: warning: ignoring old recipe for target `gfs_physics_err_msg_mod.o'
../../../conf/make.rules:8: warning: overriding recipe for target `.f.f90'
makefile:106: warning: ignoring old recipe for target `.f.f90'
makefile:54: depend: No such file or directory
makefile:31: warning: overriding recipe for target `module_GEN_INTERNAL_STATE.o'
makefile:28: warning: ignoring old recipe for target `module_GEN_INTERNAL_STATE.o'
makefile:39: warning: overriding recipe for target `post_nmm.o'
makefile:36: warning: ignoring old recipe for target `post_nmm.o'
makefile:39: warning: overriding recipe for target `post_nems_routines.o'
makefile:36: warning: ignoring old recipe for target `post_nems_routines.o'
makefile:42: warning: overriding recipe for target `post_gfs.o'
makefile:36: warning: ignoring old recipe for target `post_gfs.o'
makefile:42: warning: overriding recipe for target `post_nems_routines.o'
makefile:39: warning: ignoring old recipe for target `post_nems_routines.o'
makefile:45: warning: overriding recipe for target `post_gfs_stub.o'
makefile:39: warning: ignoring old recipe for target `post_gfs_stub.o'
makefile:45: warning: overriding recipe for target `post_nmm_stub.o'
makefile:42: warning: ignoring old recipe for target `post_nmm_stub.o'
makefile:54: depend: No such file or directory
makefile:39: warning: overriding recipe for target `post_nmm.o'
makefile:36: warning: ignoring old recipe for target `post_nmm.o'
makefile:39: warning: overriding recipe for target `post_nems_routines.o'
makefile:36: warning: ignoring old recipe for target `post_nems_routines.o'
makefile:42: warning: overriding recipe for target `post_gfs.o'
makefile:36: warning: ignoring old recipe for target `post_gfs.o'
makefile:42: warning: overriding recipe for target `post_nems_routines.o'
makefile:39: warning: ignoring old recipe for target `post_nems_routines.o'
makefile:45: warning: overriding recipe for target `post_gfs_stub.o'
makefile:39: warning: ignoring old recipe for target `post_gfs_stub.o'
makefile:45: warning: overriding recipe for target `post_nmm_stub.o'
makefile:42: warning: ignoring old recipe for target `post_nmm_stub.o'
makefile:124: depend: No such file or directory
GNUmakefile:14: /gpfs/dell2/emc/modeling/noscrub/Eric.Rogers/nam.v4.1.10_fornco/sorc/nam_nems_nmmb.fd/src/chem/gocart/src/../Config/ESMA_base.mk: No such file or directory
GNUmakefile:15: /gpfs/dell2/emc/modeling/noscrub/Eric.Rogers/nam.v4.1.10_fornco/sorc/nam_nems_nmmb.fd/src/chem/gocart/src/../Config/ESMA_arch.mk: No such file or directory
ESMA_arch.mk:104: *** missing separator.  Stop.
gmake[2]: *** [/gpfs/dell2/emc/modeling/noscrub/Eric.Rogers/nam.v4.1.10_fornco/sorc/nam_nems_nmmb.fd/src/chem/gocart/src/../Config/ESMA_base.mk] Error 2
gmake[1]: *** [clean] Error 2
gmake: *** [clean] Error 2
++ gmake nmm J=-j4
++ cd /gpfs/dell2/emc/modeling/noscrub/Eric.Rogers/nam.v4.1.10_fornco/sorc/nam_nems_nmmb.fd/src/..
++ mv /gpfs/dell2/emc/modeling/noscrub/Eric.Rogers/nam.v4.1.10_fornco/sorc/nam_nems_nmmb.fd/src/../exe/NEMS.x ../../exec/dell.exec/nam_nems_nmmb_fcst
